[INFO]: 26-07-2023 18:52:52 - Created Kios Success, Response: {"id":1,"seller_name":"Seller 1","seller_address":"Jalan 1","seller_phone":"6285111111111","Fish":null,"image_path":"/uploads/seller_20230726_BpLnfgDsc2.png","created_by":"","created_at":"0001-01-01T00:00:00Z","updated_at":"0001-01-01T00:00:00Z","archieved_at":"0001-01-01T00:00:00Z","deleted_by":"","deleted_at":null}
[INFO]: 26-07-2023 18:53:51 - Created Kios Success, Response: {"id":2,"seller_name":"Seller 2","seller_address":"Jalan 1","seller_phone":"6285111111112","fish":null,"image_path":"/uploads/seller_20230726_BpLnfgDsc2.png","created_by":"","created_at":"0001-01-01T00:00:00Z","updated_at":"0001-01-01T00:00:00Z","archieved_at":"0001-01-01T00:00:00Z","deleted_by":"","deleted_at":null}
[INFO]: 26-07-2023 19:36:12 - Created Kios Success, Response: {"id":1,"seller_name":"Seller 1","seller_address":"Jalan 1","seller_phone":"6285111111112","Fish":null,"image_path":"/uploads/seller_20230726_BpLnfgDsc2.png","created_by":"","created_at":"0001-01-01T00:00:00Z","updated_at":"0001-01-01T00:00:00Z","archieved_at":"0001-01-01T00:00:00Z","deleted_by":"","deleted_at":null}
[INFO]: 26-07-2023 19:36:24 - Created Kios Success, Response: {"id":2,"seller_name":"Seller 2","seller_address":"Jalan 2","seller_phone":"6285111111111","Fish":null,"image_path":"/uploads/seller_20230726_WD8F2qNfHK.png","created_by":"","created_at":"0001-01-01T00:00:00Z","updated_at":"0001-01-01T00:00:00Z","archieved_at":"0001-01-01T00:00:00Z","deleted_by":"","deleted_at":null}
[INFO]: 26-07-2023 20:18:35 - Created Seller Success, Response: {"id":1,"seller_name":"Seller 1","seller_address":"Jalan 1","seller_phone":"6285111111111","Fish":null,"image_path":"/uploads/seller_20230726_BpLnfgDsc2.png","created_by":"","created_at":"0001-01-01T00:00:00Z","updated_at":"0001-01-01T00:00:00Z","archieved_at":"0001-01-01T00:00:00Z","deleted_by":"","deleted_at":null}
[INFO]: 26-07-2023 20:18:49 - Created Seller Success, Response: {"id":2,"seller_name":"Seller 2","seller_address":"Jalan 2","seller_phone":"6285111111111","Fish":null,"image_path":"/uploads/seller_20230726_WD8F2qNfHK.png","created_by":"","created_at":"0001-01-01T00:00:00Z","updated_at":"0001-01-01T00:00:00Z","archieved_at":"0001-01-01T00:00:00Z","deleted_by":"","deleted_at":null}
[ERROR]: 26-07-2023 20:20:27 - In Server: http: no such file
[ERROR]: 26-07-2023 20:21:44 - In Server: http: no such file
[ERROR]: 26-07-2023 20:23:23 - In Server: http: no such file
[ERROR]: 26-07-2023 20:25:56 - In Server: http: no such file
[INFO]: 26-07-2023 20:29:18 - Created Kios Success, Response: {"id":1,"fish_name":"Ikan 1","fish_type":"Tipe 1","fish_size":"20","fish_description":"Deskripsi 1","fish_price":20000,"Seller":null,"image_path":"/fishuploads/fish_20230726_BpLnfgDsc2.png","created_by":"","created_at":"0001-01-01T00:00:00Z","updated_at":"0001-01-01T00:00:00Z","archieved_at":"0001-01-01T00:00:00Z","deleted_by":"","deleted_at":null}
[INFO]: 26-07-2023 20:29:35 - Created Kios Success, Response: {"id":2,"fish_name":"Ikan 2","fish_type":"Tipe 2","fish_size":"20","fish_description":"Deskripsi 2","fish_price":20000,"Seller":null,"image_path":"/fishuploads/fish_20230726_WD8F2qNfHK.png","created_by":"","created_at":"0001-01-01T00:00:00Z","updated_at":"0001-01-01T00:00:00Z","archieved_at":"0001-01-01T00:00:00Z","deleted_by":"","deleted_at":null}
[ERROR]: 26-07-2023 20:29:55 - In Server: Fish: unsupported relations for schema Fish
[INFO]: 26-07-2023 20:32:16 - Created Seller Success, Response: {"id":3,"seller_name":"Seller 3","seller_address":"Jalan 3","seller_phone":"6285111111111","Fish":null,"image_path":"/uploads/seller_20230726_BpLnfgDsc2.png","created_by":"","created_at":"0001-01-01T00:00:00Z","updated_at":"0001-01-01T00:00:00Z","archieved_at":"0001-01-01T00:00:00Z","deleted_by":"","deleted_at":null}
[INFO]: 26-07-2023 20:32:49 - Update Seller Success, Response: {"id":3,"seller_name":"UPDATE","seller_address":"Jalan 3","seller_phone":"6285111111111","Fish":null,"image_path":"/uploads/seller_20230726_BpLnfgDsc2.png","created_by":"","created_at":"2023-07-26T20:32:16.26+07:00","updated_at":"2023-07-26T20:32:49.186+07:00","archieved_at":"2023-07-26T20:32:16.26+07:00","deleted_by":"","deleted_at":null}
[INFO]: 26-07-2023 20:33:05 - Delete Seller Success, Response: {"id":3,"seller_name":"UPDATE","seller_address":"Jalan 3","seller_phone":"6285111111111","Fish":null,"image_path":"/uploads/seller_20230726_BpLnfgDsc2.png","created_by":"","created_at":"2023-07-26T20:32:16.26+07:00","updated_at":"2023-07-26T20:32:49.186+07:00","archieved_at":"2023-07-26T20:32:16.26+07:00","deleted_by":"","deleted_at":null}
[ERROR]: 26-07-2023 20:33:11 - In Server: record not found
[INFO]: 26-07-2023 20:33:21 - Created Kios Success, Response: {"id":3,"fish_name":"Ikan3","fish_type":"Tipe 2","fish_size":"20","fish_description":"Deskripsi 2","fish_price":20000,"Seller":null,"image_path":"/fishuploads/fish_20230726_WD8F2qNfHK.png","created_by":"","created_at":"0001-01-01T00:00:00Z","updated_at":"0001-01-01T00:00:00Z","archieved_at":"0001-01-01T00:00:00Z","deleted_by":"","deleted_at":null}
[ERROR]: 26-07-2023 20:34:04 - In Server: record not found
[INFO]: 26-07-2023 20:34:10 - Update Fish Success, Response: {"id":3,"fish_name":"UPDATE","fish_type":"Tipe 2","fish_size":"20","fish_description":"Deskripsi 2","fish_price":20000,"Seller":null,"image_path":"/fishuploads/fish_20230726_WD8F2qNfHK.png","created_by":"","created_at":"2023-07-26T20:33:21.952+07:00","updated_at":"2023-07-26T20:34:10.187+07:00","archieved_at":"2023-07-26T20:33:21.952+07:00","deleted_by":"","deleted_at":null}
[INFO]: 26-07-2023 20:34:36 - Delete Fish Success, Response: {"id":3,"fish_name":"UPDATE","fish_type":"Tipe 2","fish_size":"20","fish_description":"Deskripsi 2","fish_price":20000,"Seller":null,"image_path":"/fishuploads/fish_20230726_WD8F2qNfHK.png","created_by":"","created_at":"2023-07-26T20:33:21.952+07:00","updated_at":"2023-07-26T20:34:10.187+07:00","archieved_at":"2023-07-26T20:33:21.952+07:00","deleted_by":"","deleted_at":null}
[ERROR]: 26-07-2023 20:34:38 - In Server: record not found
[INFO]: 26-07-2023 20:35:41 - Created Kios Success, Response: {"seller_id":0,"fish_id":0}
[INFO]: 26-07-2023 20:37:30 - Created Kios Success, Response: {"seller_id":1,"fish_id":1}
[INFO]: 26-07-2023 20:37:33 - Created Kios Success, Response: {"seller_id":1,"fish_id":1}
[ERROR]: 26-07-2023 20:41:59 - In Server: invalid character '-' in numeric literal
[INFO]: 26-07-2023 20:42:21 - Created Kios Success, Response: {"seller_id":1,"fish_id":1}
[INFO]: 26-07-2023 20:42:25 - Created Kios Success, Response: {"seller_id":1,"fish_id":1}
[ERROR]: 26-07-2023 20:45:02 - In Server: invalid field found for struct backend-golang/model.Fish's field Seller: define a valid foreign key for relations or implement the Valuer/Scanner interface
[ERROR]: 26-07-2023 20:47:40 - In Server: invalid field found for struct backend-golang/model.Fish's field Seller: define a valid foreign key for relations or implement the Valuer/Scanner interface
[ERROR]: 26-07-2023 20:48:19 - In Server: invalid field found for struct backend-golang/model.Fish's field Seller: define a valid foreign key for relations or implement the Valuer/Scanner interface
[ERROR]: 26-07-2023 20:48:49 - In Server: invalid field found for struct backend-golang/model.Fish's field Seller: define a valid foreign key for relations or implement the Valuer/Scanner interface
[INFO]: 26-07-2023 20:50:05 - Created Kios Success, Response: {"id":1,"fish_name":"Ikan 1 ","fish_type":"Tipe 2","fish_size":"20","fish_description":"Deskripsi 2","fish_price":20000,"Seller":null,"image_path":"/fishuploads/fish_20230726_BpLnfgDsc2.png","created_by":"","created_at":"0001-01-01T00:00:00Z","updated_at":"0001-01-01T00:00:00Z","archieved_at":"0001-01-01T00:00:00Z","deleted_by":"","deleted_at":null}
[ERROR]: 26-07-2023 20:50:09 - In Server: Seller: unsupported relations for schema Fish
[ERROR]: 26-07-2023 20:54:11 - In Server: Seller: unsupported relations for schema Fish
[ERROR]: 26-07-2023 20:55:02 - In Server: Seller: unsupported relations for schema Fish
[ERROR]: 26-07-2023 20:56:42 - In Server: Seller: unsupported relations for schema Fish
[ERROR]: 26-07-2023 21:01:12 - In Server: invalid field found for struct backend-golang/model.Fish's field Seller: define a valid foreign key for relations or implement the Valuer/Scanner interface
[ERROR]: 26-07-2023 21:01:39 - In Server: invalid field found for struct backend-golang/model.Fish's field Seller: define a valid foreign key for relations or implement the Valuer/Scanner interface
[ERROR]: 26-07-2023 21:02:03 - In Server: invalid field found for struct backend-golang/model.Seller's field Fish: define a valid foreign key for relations or implement the Valuer/Scanner interface
[INFO]: 26-07-2023 21:02:41 - Created Seller Success, Response: {"id":1,"seller_name":"Seller 1","seller_address":"Jalan 3","seller_phone":"6285111111111","fish":null,"image_path":"/uploads/seller_20230726_BpLnfgDsc2.png","created_by":"","created_at":"0001-01-01T00:00:00Z","updated_at":"0001-01-01T00:00:00Z","archieved_at":"0001-01-01T00:00:00Z","deleted_by":"","deleted_at":null}
[ERROR]: 26-07-2023 21:02:45 - In Server: Fish: unsupported relations for schema Seller
[INFO]: 26-07-2023 21:02:51 - Created Seller Success, Response: {"id":2,"seller_name":"Seller 2","seller_address":"Jalan 3","seller_phone":"6285111111111","fish":null,"image_path":"/uploads/seller_20230726_WD8F2qNfHK.png","created_by":"","created_at":"0001-01-01T00:00:00Z","updated_at":"0001-01-01T00:00:00Z","archieved_at":"0001-01-01T00:00:00Z","deleted_by":"","deleted_at":null}
[ERROR]: 26-07-2023 21:02:55 - In Server: Seller: unsupported relations for schema Fish
[INFO]: 26-07-2023 21:06:27 - Created Seller Success, Response: {"id":1,"seller_name":"Seller 1","seller_address":"Jalan 3","seller_phone":"6285111111111","Fish":null,"image_path":"/uploads/seller_20230726_BpLnfgDsc2.png","created_by":"","created_at":"0001-01-01T00:00:00Z","updated_at":"0001-01-01T00:00:00Z","archieved_at":"0001-01-01T00:00:00Z","deleted_by":"","deleted_at":null}
[INFO]: 26-07-2023 21:06:29 - Created Seller Success, Response: {"id":2,"seller_name":"Seller 2","seller_address":"Jalan 3","seller_phone":"6285111111111","Fish":null,"image_path":"/uploads/seller_20230726_WD8F2qNfHK.png","created_by":"","created_at":"0001-01-01T00:00:00Z","updated_at":"0001-01-01T00:00:00Z","archieved_at":"0001-01-01T00:00:00Z","deleted_by":"","deleted_at":null}
[INFO]: 26-07-2023 21:06:45 - Created Kios Success, Response: {"id":1,"fish_name":"Ikan 1 ","fish_type":"Tipe 2","fish_size":"20","fish_description":"Deskripsi 2","fish_price":20000,"Seller":null,"image_path":"/fishuploads/fish_20230726_5a84jjJkwz.png","created_by":"","created_at":"0001-01-01T00:00:00Z","updated_at":"0001-01-01T00:00:00Z","archieved_at":"0001-01-01T00:00:00Z","deleted_by":"","deleted_at":null}
[INFO]: 26-07-2023 21:06:49 - Created Kios Success, Response: {"id":2,"fish_name":"Ikan 2","fish_type":"Tipe 2","fish_size":"20","fish_description":"Deskripsi 2","fish_price":20000,"Seller":null,"image_path":"/fishuploads/fish_20230726_Dkh9h2fhfU.png","created_by":"","created_at":"0001-01-01T00:00:00Z","updated_at":"0001-01-01T00:00:00Z","archieved_at":"0001-01-01T00:00:00Z","deleted_by":"","deleted_at":null}
[INFO]: 26-07-2023 21:06:52 - Created Kios Success, Response: {"seller_id":1,"fish_id":1}
[INFO]: 26-07-2023 21:08:20 - Created Kios Success, Response: {"seller_id":1,"fish_id":1}
[INFO]: 26-07-2023 21:24:52 - Created Seller Success, Response: {"id":1,"seller_name":"Seller 2","seller_address":"Jalan 3","seller_phone":"6285111111111","Fish":null,"image_path":"/uploads/seller_20230726_BpLnfgDsc2.png","created_by":"","created_at":"0001-01-01T00:00:00Z","updated_at":"0001-01-01T00:00:00Z","archieved_at":"0001-01-01T00:00:00Z","deleted_by":"","deleted_at":null}
[INFO]: 26-07-2023 21:24:55 - Created Seller Success, Response: {"id":2,"seller_name":"Seller 1","seller_address":"Jalan 3","seller_phone":"6285111111111","Fish":null,"image_path":"/uploads/seller_20230726_WD8F2qNfHK.png","created_by":"","created_at":"0001-01-01T00:00:00Z","updated_at":"0001-01-01T00:00:00Z","archieved_at":"0001-01-01T00:00:00Z","deleted_by":"","deleted_at":null}
[INFO]: 26-07-2023 21:25:06 - Created Kios Success, Response: {"id":1,"fish_name":"Ikan 2","fish_type":"Tipe 2","fish_size":"20","fish_description":"Deskripsi 2","fish_price":20000,"Seller":null,"image_path":"/fishuploads/fish_20230726_5a84jjJkwz.png","created_by":"","created_at":"0001-01-01T00:00:00Z","updated_at":"0001-01-01T00:00:00Z","archieved_at":"0001-01-01T00:00:00Z","deleted_by":"","deleted_at":null}
[INFO]: 26-07-2023 21:25:08 - Created Kios Success, Response: {"id":2,"fish_name":"Ikan1","fish_type":"Tipe 2","fish_size":"20","fish_description":"Deskripsi 2","fish_price":20000,"Seller":null,"image_path":"/fishuploads/fish_20230726_Dkh9h2fhfU.png","created_by":"","created_at":"0001-01-01T00:00:00Z","updated_at":"0001-01-01T00:00:00Z","archieved_at":"0001-01-01T00:00:00Z","deleted_by":"","deleted_at":null}
[ERROR]: 26-07-2023 21:26:19 - In Server: EOF
[ERROR]: 26-07-2023 21:27:06 - In Server: record not found
[INFO]: 26-07-2023 21:28:09 - Created Kios Success, Response: {"seller_id":0,"fish_id":0}
[INFO]: 26-07-2023 21:29:08 - Created Kios Success, Response: {"seller_id":1,"fish_id":1}
[INFO]: 26-07-2023 21:29:48 - Created Kios Success, Response: {"seller_id":1,"fish_id":1}
[ERROR]: 26-07-2023 21:30:10 - In Server: Error 1062 (23000): Duplicate entry '1-1' for key 'PRIMARY'
[INFO]: 26-07-2023 21:30:23 - Created Kios Success, Response: {"seller_id":1,"fish_id":2}
[INFO]: 26-07-2023 21:30:28 - Created Kios Success, Response: {"seller_id":2,"fish_id":1}
[INFO]: 26-07-2023 21:30:31 - Created Kios Success, Response: {"seller_id":2,"fish_id":2}
[INFO]: 26-07-2023 21:37:57 - Created Seller Success, Response: {"id":3,"seller_name":"Seller 3","seller_address":"Jalan 3","seller_phone":"6285111111111","Fish":null,"image_path":"/uploads/seller_20230726_BpLnfgDsc2.png","created_by":"","created_at":"0001-01-01T00:00:00Z","updated_at":"0001-01-01T00:00:00Z","archieved_at":"0001-01-01T00:00:00Z","deleted_by":"","deleted_at":null}
[INFO]: 26-07-2023 21:38:28 - Created Seller Success, Response: {"id":4,"seller_name":"Seller 3","seller_address":"Jalan 3","seller_phone":"6285111111111","Fish":null,"image_path":"/uploads/seller_20230726_WD8F2qNfHK.png","created_by":"","created_at":"0001-01-01T00:00:00Z","updated_at":"0001-01-01T00:00:00Z","archieved_at":"0001-01-01T00:00:00Z","deleted_by":"","deleted_at":null}
[INFO]: 26-07-2023 21:38:35 - Created Kios Success, Response: {"seller_id":3,"fish_id":2}
[INFO]: 26-07-2023 21:39:02 - Delete Seller Success, Response: {"id":3,"seller_name":"Seller 3","seller_address":"Jalan 3","seller_phone":"6285111111111","Fish":null,"image_path":"/uploads/seller_20230726_BpLnfgDsc2.png","created_by":"","created_at":"2023-07-26T21:37:57.436+07:00","updated_at":"2023-07-26T21:37:57.436+07:00","archieved_at":"2023-07-26T21:37:57.436+07:00","deleted_by":"","deleted_at":null}
[INFO]: 26-07-2023 21:39:55 - Created Kios Success, Response: {"seller_id":4,"fish_id":2}
[INFO]: 26-07-2023 21:40:23 - Delete Seller Success, Response: {"id":4,"seller_name":"Seller 3","seller_address":"Jalan 3","seller_phone":"6285111111111","Fish":null,"image_path":"/uploads/seller_20230726_WD8F2qNfHK.png","created_by":"","created_at":"2023-07-26T21:38:28.998+07:00","updated_at":"2023-07-26T21:38:28.998+07:00","archieved_at":"2023-07-26T21:38:28.998+07:00","deleted_by":"","deleted_at":null}
[ERROR]: 26-07-2023 21:41:34 - In Server: record not found
[INFO]: 26-07-2023 21:48:40 - Login Success, Response: {"email":"admin@email.com","fullname":"","phone_number":"","role":"Admin","token":"NjIwNTc5YjI1ZWRiMjBlYWZiYTQyYTkzZmQ3Zjg3NDlhZTQ5MjkzNzkwZGVjN2E0Mzg4MGM3NDUyZjM5ODFlZQ=="}
