[INFO]: 28-07-2023 17:39:39 - Register Success, Response: {"email":"admin@email.com","fullname":"Admin","phone_number":"628554455445","role":"Admin"}
[ERROR]: 28-07-2023 17:42:33 - In Server: Unauthorized
[ERROR]: 28-07-2023 17:43:01 - In Server: Unauthorized
[INFO]: 28-07-2023 17:48:00 - Login Success, Response: {"email":"admin@email.com","fullname":"Admin","phone_number":"628554455445","role":"Admin","token":"YjhkMjUwNGJiYmIxMzM0MDkyYTlmMTVkNWQ2Mjg2OTgzMjc1OTc4ZTU3MWMyMDc4NWUzOGQ3NTA5YzhkYmM5Nw=="}
[INFO]: 28-07-2023 17:48:23 - Register Success, Response: {"email":"user1@email.com","fullname":"User 1","phone_number":"628554455445","role":"User"}
[INFO]: 28-07-2023 17:49:53 - Login Success, Response: {"email":"admin@email.com","fullname":"Admin","phone_number":"628554455445","role":"Admin","token":"YjhkMjUwNGJiYmIxMzM0MDkyYTlmMTVkNWQ2Mjg2OTgzMjc1OTc4ZTU3MWMyMDc4NWUzOGQ3NTA5YzhkYmM5Nw=="}
[ERROR]: 28-07-2023 18:31:04 - In Server: request Content-Type isn't multipart/form-data
[ERROR]: 28-07-2023 18:34:46 - In Server: http: no such file
[ERROR]: 28-07-2023 18:35:38 - In Server: http: no such file
[ERROR]: 28-07-2023 18:36:37 - In Server: http: no such file
[ERROR]: 28-07-2023 18:38:27 - In Server: http: no such file
[ERROR]: 28-07-2023 18:38:51 - In Server: http: no such file
[INFO]: 28-07-2023 18:39:32 - Created Seller Success, Response: {"id":1,"seller_name":"Seller 1","seller_address":"Jalan 1","seller_phone":"6285111111111","Fish":null,"image_path":"/uploads/seller_20230728_BpLnfgDsc2.png","created_by":"","created_at":"0001-01-01T00:00:00Z","updated_at":"0001-01-01T00:00:00Z","archieved_at":"0001-01-01T00:00:00Z","deleted_by":"","deleted_at":null}
[ERROR]: 28-07-2023 18:41:37 - In Server: http: no such file
[ERROR]: 28-07-2023 18:42:20 - In Server: http: no such file
[ERROR]: 28-07-2023 18:44:43 - In Server: http: no such file
[ERROR]: 28-07-2023 18:49:54 - In Server: http: no such file
[ERROR]: 28-07-2023 18:51:28 - In Server: request Content-Type isn't multipart/form-data
[ERROR]: 28-07-2023 18:51:34 - In Server: request Content-Type isn't multipart/form-data
[ERROR]: 28-07-2023 18:51:59 - In Server: request Content-Type isn't multipart/form-data
[ERROR]: 28-07-2023 18:53:47 - In Server: request Content-Type isn't multipart/form-data
[ERROR]: 28-07-2023 18:59:11 - In Server: request Content-Type isn't multipart/form-data
[ERROR]: 28-07-2023 19:02:03 - In Server: request Content-Type isn't multipart/form-data
[ERROR]: 28-07-2023 19:03:53 - In Server: request Content-Type isn't multipart/form-data
[ERROR]: 28-07-2023 19:11:07 - In Server: request Content-Type isn't multipart/form-data
[ERROR]: 28-07-2023 19:13:22 - In Server: request Content-Type isn't multipart/form-data
[ERROR]: 28-07-2023 19:13:55 - In Server: request Content-Type isn't multipart/form-data
[ERROR]: 28-07-2023 19:16:46 - In Server: http: no such file
[ERROR]: 28-07-2023 19:17:43 - In Server: http: no such file
[ERROR]: 28-07-2023 19:18:49 - In Server: http: no such file
[ERROR]: 28-07-2023 19:21:18 - In Server: http: no such file
[INFO]: 28-07-2023 19:21:33 - Created Seller Success, Response: {"id":2,"seller_name":"Toko 1","seller_address":"Alamat Toko 1","seller_phone":"62811111555555","Fish":null,"image_path":"/uploads/seller_20230728_WD8F2qNfHK.png","created_by":"","created_at":"0001-01-01T00:00:00Z","updated_at":"0001-01-01T00:00:00Z","archieved_at":"0001-01-01T00:00:00Z","deleted_by":"","deleted_at":null}
[INFO]: 28-07-2023 19:23:00 - Created Seller Success, Response: {"id":3,"seller_name":"Toko ABC","seller_address":"Jalan Mangga","seller_phone":"6281145445555","Fish":null,"image_path":"/uploads/seller_20230728_5a84jjJkwz.png","created_by":"","created_at":"0001-01-01T00:00:00Z","updated_at":"0001-01-01T00:00:00Z","archieved_at":"0001-01-01T00:00:00Z","deleted_by":"","deleted_at":null}
[INFO]: 28-07-2023 19:25:07 - Created Seller Success, Response: {"id":4,"seller_name":"Toko AAA","seller_address":"Jalan Nasi","seller_phone":"628955555","Fish":null,"image_path":"/uploads/seller_20230728_Dkh9h2fhfU.png","created_by":"","created_at":"0001-01-01T00:00:00Z","updated_at":"0001-01-01T00:00:00Z","archieved_at":"0001-01-01T00:00:00Z","deleted_by":"","deleted_at":null}
[INFO]: 28-07-2023 19:47:43 - Created Seller Success, Response: {"id":5,"seller_name":"Toko BBB","seller_address":"Jalan Bangka","seller_phone":"6281255555554","Fish":null,"image_path":"/uploads/seller_20230728_VuS9jZ8uVb.png","created_by":"","created_at":"0001-01-01T00:00:00Z","updated_at":"0001-01-01T00:00:00Z","archieved_at":"0001-01-01T00:00:00Z","deleted_by":"","deleted_at":null}
[INFO]: 28-07-2023 19:50:51 - Created Seller Success, Response: {"id":6,"seller_name":"Toko CCC","seller_address":"Jalan C 1","seller_phone":"6285666644411","Fish":null,"image_path":"/uploads/seller_20230728_hV3vC5AWX3.jpg","created_by":"","created_at":"0001-01-01T00:00:00Z","updated_at":"0001-01-01T00:00:00Z","archieved_at":"0001-01-01T00:00:00Z","deleted_by":"","deleted_at":null}
[INFO]: 28-07-2023 19:53:17 - Created Seller Success, Response: {"id":7,"seller_name":"Toko EE","seller_address":"Jalan E","seller_phone":"6287454512162165","Fish":null,"image_path":"/uploads/seller_20230728_9IVUWSP2Nc.png","created_by":"","created_at":"0001-01-01T00:00:00Z","updated_at":"0001-01-01T00:00:00Z","archieved_at":"0001-01-01T00:00:00Z","deleted_by":"","deleted_at":null}
[INFO]: 28-07-2023 19:55:34 - Created Seller Success, Response: {"id":8,"seller_name":"Toko F","seller_address":"Jalan Kurma","seller_phone":"628569656565","Fish":null,"image_path":"/uploads/seller_20230728_HciWvqZTa2.png","created_by":"","created_at":"0001-01-01T00:00:00Z","updated_at":"0001-01-01T00:00:00Z","archieved_at":"0001-01-01T00:00:00Z","deleted_by":"","deleted_at":null}
[INFO]: 28-07-2023 19:56:28 - Created Seller Success, Response: {"id":9,"seller_name":"Toko GG","seller_address":"Jalan C 1","seller_phone":"6285666644411","Fish":null,"image_path":"/uploads/seller_20230728_N95RxRTZHW.png","created_by":"","created_at":"0001-01-01T00:00:00Z","updated_at":"0001-01-01T00:00:00Z","archieved_at":"0001-01-01T00:00:00Z","deleted_by":"","deleted_at":null}
[INFO]: 28-07-2023 19:56:56 - Created Seller Success, Response: {"id":10,"seller_name":"Toko ABC111","seller_address":"Jalan Kurma","seller_phone":"628569656565","Fish":null,"image_path":"/uploads/seller_20230728_UsaD6HEdz0.jpg","created_by":"","created_at":"0001-01-01T00:00:00Z","updated_at":"0001-01-01T00:00:00Z","archieved_at":"0001-01-01T00:00:00Z","deleted_by":"","deleted_at":null}
[INFO]: 28-07-2023 20:05:26 - Created Seller Success, Response: {"id":11,"seller_name":"Toko 122","seller_address":"Jalan C 122","seller_phone":"62856666444112","Fish":null,"image_path":"/uploads/seller_20230728_ThbXfQ6pYS.png","created_by":"","created_at":"0001-01-01T00:00:00Z","updated_at":"0001-01-01T00:00:00Z","archieved_at":"0001-01-01T00:00:00Z","deleted_by":"","deleted_at":null}
[INFO]: 28-07-2023 20:05:56 - Created Seller Success, Response: {"id":12,"seller_name":"Toko 1111","seller_address":"Alamat Toko 1111","seller_phone":"628111115555551","Fish":null,"image_path":"/uploads/seller_20230728_Q3n267l1VQ.png","created_by":"","created_at":"0001-01-01T00:00:00Z","updated_at":"0001-01-01T00:00:00Z","archieved_at":"0001-01-01T00:00:00Z","deleted_by":"","deleted_at":null}
[INFO]: 28-07-2023 20:10:57 - Created Seller Success, Response: {"id":13,"seller_name":"Toko ABC2","seller_address":"test 22","seller_phone":"6255555522","Fish":null,"image_path":"/uploads/seller_20230728_KGNbSuJE9f.png","created_by":"","created_at":"0001-01-01T00:00:00Z","updated_at":"0001-01-01T00:00:00Z","archieved_at":"0001-01-01T00:00:00Z","deleted_by":"","deleted_at":null}
[ERROR]: 28-07-2023 20:41:41 - In Server: http: no such file
[ERROR]: 28-07-2023 20:41:59 - In Server: http: no such file
[ERROR]: 28-07-2023 20:42:40 - In Server: http: no such file
[INFO]: 28-07-2023 21:15:20 - Delete Seller Success, Response: {"id":10,"seller_name":"Toko ABC111","seller_address":"Jalan Kurma","seller_phone":"628569656565","Fish":null,"image_path":"/uploads/seller_20230728_UsaD6HEdz0.jpg","created_by":"","created_at":"2023-07-28T19:56:56.019+07:00","updated_at":"2023-07-28T19:56:56.019+07:00","archieved_at":"2023-07-28T19:56:56.019+07:00","deleted_by":"","deleted_at":null}
[INFO]: 28-07-2023 21:16:28 - Delete Seller Success, Response: {"id":6,"seller_name":"Toko CCC","seller_address":"Jalan C 1","seller_phone":"6285666644411","Fish":null,"image_path":"/uploads/seller_20230728_hV3vC5AWX3.jpg","created_by":"","created_at":"2023-07-28T19:50:51.396+07:00","updated_at":"2023-07-28T19:50:51.396+07:00","archieved_at":"2023-07-28T19:50:51.396+07:00","deleted_by":"","deleted_at":null}
[INFO]: 28-07-2023 21:16:46 - Delete Seller Success, Response: {"id":7,"seller_name":"Toko EE","seller_address":"Jalan E","seller_phone":"6287454512162165","Fish":null,"image_path":"/uploads/seller_20230728_9IVUWSP2Nc.png","created_by":"","created_at":"2023-07-28T19:53:17.506+07:00","updated_at":"2023-07-28T19:53:17.506+07:00","archieved_at":"2023-07-28T19:53:17.506+07:00","deleted_by":"","deleted_at":null}
[INFO]: 28-07-2023 21:17:10 - Delete Seller Success, Response: {"id":9,"seller_name":"Toko GG","seller_address":"Jalan C 1","seller_phone":"6285666644411","Fish":null,"image_path":"/uploads/seller_20230728_N95RxRTZHW.png","created_by":"","created_at":"2023-07-28T19:56:28.473+07:00","updated_at":"2023-07-28T19:56:28.473+07:00","archieved_at":"2023-07-28T19:56:28.473+07:00","deleted_by":"","deleted_at":null}
[INFO]: 28-07-2023 21:17:31 - Delete Seller Success, Response: {"id":5,"seller_name":"Toko BBB","seller_address":"Jalan Bangka","seller_phone":"6281255555554","Fish":null,"image_path":"/uploads/seller_20230728_VuS9jZ8uVb.png","created_by":"","created_at":"2023-07-28T19:47:43.644+07:00","updated_at":"2023-07-28T19:47:43.644+07:00","archieved_at":"2023-07-28T19:47:43.644+07:00","deleted_by":"","deleted_at":null}
[INFO]: 28-07-2023 21:18:10 - Delete Seller Success, Response: {"id":8,"seller_name":"Toko F","seller_address":"Jalan Kurma","seller_phone":"628569656565","Fish":null,"image_path":"/uploads/seller_20230728_HciWvqZTa2.png","created_by":"","created_at":"2023-07-28T19:55:34.14+07:00","updated_at":"2023-07-28T19:55:34.14+07:00","archieved_at":"2023-07-28T19:55:34.14+07:00","deleted_by":"","deleted_at":null}
[INFO]: 28-07-2023 21:18:33 - Delete Seller Success, Response: {"id":11,"seller_name":"Toko 122","seller_address":"Jalan C 122","seller_phone":"62856666444112","Fish":null,"image_path":"/uploads/seller_20230728_ThbXfQ6pYS.png","created_by":"","created_at":"2023-07-28T20:05:26.982+07:00","updated_at":"2023-07-28T20:05:26.982+07:00","archieved_at":"2023-07-28T20:05:26.982+07:00","deleted_by":"","deleted_at":null}
[INFO]: 28-07-2023 21:19:17 - Created Seller Success, Response: {"id":14,"seller_name":"Toko 11","seller_address":"Jalan C 1","seller_phone":"6285666644411","Fish":null,"image_path":"/uploads/seller_20230728_QbzONJAAwd.jfif","created_by":"","created_at":"0001-01-01T00:00:00Z","updated_at":"0001-01-01T00:00:00Z","archieved_at":"0001-01-01T00:00:00Z","deleted_by":"","deleted_at":null}
[INFO]: 28-07-2023 21:19:25 - Delete Seller Success, Response: {"id":12,"seller_name":"Toko 1111","seller_address":"Alamat Toko 1111","seller_phone":"628111115555551","Fish":null,"image_path":"/uploads/seller_20230728_Q3n267l1VQ.png","created_by":"","created_at":"2023-07-28T20:05:56.529+07:00","updated_at":"2023-07-28T20:05:56.529+07:00","archieved_at":"2023-07-28T20:05:56.529+07:00","deleted_by":"","deleted_at":null}
[INFO]: 28-07-2023 21:19:32 - Delete Seller Success, Response: {"id":3,"seller_name":"Toko ABC","seller_address":"Jalan Mangga","seller_phone":"6281145445555","Fish":null,"image_path":"/uploads/seller_20230728_5a84jjJkwz.png","created_by":"","created_at":"2023-07-28T19:23:00.865+07:00","updated_at":"2023-07-28T19:23:00.865+07:00","archieved_at":"2023-07-28T19:23:00.865+07:00","deleted_by":"","deleted_at":null}
[ERROR]: 28-07-2023 21:27:14 - In Server: record not found
[ERROR]: 28-07-2023 21:27:19 - In Server: record not found
[ERROR]: 28-07-2023 21:27:35 - In Server: record not found
[ERROR]: 28-07-2023 21:28:45 - In Server: record not found
[ERROR]: 28-07-2023 21:29:07 - In Server: record not found
[ERROR]: 28-07-2023 21:29:18 - In Server: record not found
[ERROR]: 28-07-2023 21:29:50 - In Server: record not found
[ERROR]: 28-07-2023 21:30:09 - In Server: record not found
[ERROR]: 28-07-2023 21:30:16 - In Server: record not found
[ERROR]: 28-07-2023 21:30:42 - In Server: record not found
[ERROR]: 28-07-2023 21:31:16 - In Server: record not found
[ERROR]: 28-07-2023 21:31:19 - In Server: record not found
[ERROR]: 28-07-2023 21:31:32 - In Server: record not found
[ERROR]: 28-07-2023 21:32:31 - In Server: record not found
[ERROR]: 28-07-2023 21:32:39 - In Server: record not found
[ERROR]: 28-07-2023 21:42:22 - In Server: record not found
[ERROR]: 28-07-2023 21:43:43 - In Server: record not found
[INFO]: 28-07-2023 22:07:18 - Login Success, Response: {"email":"admin@email.com","fullname":"Admin","phone_number":"628554455445","role":"Admin","token":"YjhkMjUwNGJiYmIxMzM0MDkyYTlmMTVkNWQ2Mjg2OTgzMjc1OTc4ZTU3MWMyMDc4NWUzOGQ3NTA5YzhkYmM5Nw=="}
[INFO]: 28-07-2023 22:15:15 - Update Seller Success, Response: {"id":14,"seller_name":"Update Bewok","seller_address":"Jalan Update Bewok","seller_phone":"0856666666","Fish":null,"image_path":"/uploads/seller_20230728_CxmM8BIabK.jfif","created_by":"","created_at":"2023-07-28T21:19:17.579+07:00","updated_at":"2023-07-28T22:15:15.983+07:00","archieved_at":"2023-07-28T21:19:17.579+07:00","deleted_by":"","deleted_at":null}
[INFO]: 28-07-2023 22:16:14 - Update Seller Success, Response: {"id":14,"seller_name":"Update Bewok 1","seller_address":"Jalan Update Bewok 1","seller_phone":"08566666661","Fish":null,"image_path":"/uploads/seller_20230728_ERsUhPNmMm.jfif","created_by":"","created_at":"2023-07-28T21:19:17.579+07:00","updated_at":"2023-07-28T22:16:14.599+07:00","archieved_at":"2023-07-28T21:19:17.579+07:00","deleted_by":"","deleted_at":null}
[INFO]: 28-07-2023 22:17:35 - Update Seller Success, Response: {"id":14,"seller_name":"Update Bewok 2","seller_address":"Jalan Update Bewok 2","seller_phone":"085666666612","Fish":null,"image_path":"/uploads/seller_20230728_df2eSJyYtq.jfif","created_by":"","created_at":"2023-07-28T21:19:17.579+07:00","updated_at":"2023-07-28T22:17:35.719+07:00","archieved_at":"2023-07-28T21:19:17.579+07:00","deleted_by":"","deleted_at":null}
[INFO]: 28-07-2023 22:17:50 - Update Seller Success, Response: {"id":14,"seller_name":"Update Bewok 2","seller_address":"Jalan Update Bewok 3","seller_phone":"085666666612","Fish":null,"image_path":"/uploads/seller_20230728_df2eSJyYtq.jfif","created_by":"","created_at":"2023-07-28T21:19:17.579+07:00","updated_at":"2023-07-28T22:17:50.971+07:00","archieved_at":"2023-07-28T21:19:17.579+07:00","deleted_by":"","deleted_at":null}
[INFO]: 28-07-2023 22:18:02 - Update Seller Success, Response: {"id":14,"seller_name":"Update Bewok 2","seller_address":"Jalan Update Bewok 3","seller_phone":"085666666612","Fish":null,"image_path":"/uploads/seller_20230728_wcFiUILzXv.png","created_by":"","created_at":"2023-07-28T21:19:17.579+07:00","updated_at":"2023-07-28T22:18:02.91+07:00","archieved_at":"2023-07-28T21:19:17.579+07:00","deleted_by":"","deleted_at":null}
[INFO]: 28-07-2023 22:18:12 - Update Seller Success, Response: {"id":14,"seller_name":"Update Bewok 2","seller_address":"Jalan Update Bewok 3","seller_phone":"085666666612","Fish":null,"image_path":"/uploads/seller_20230728_2fcNIrWO7s.jfif","created_by":"","created_at":"2023-07-28T21:19:17.579+07:00","updated_at":"2023-07-28T22:18:12.131+07:00","archieved_at":"2023-07-28T21:19:17.579+07:00","deleted_by":"","deleted_at":null}
[INFO]: 28-07-2023 22:19:20 - Update Seller Success, Response: {"id":14,"seller_name":"Update Bewok 22","seller_address":"Jalan Update Bewok 3","seller_phone":"085666666612","Fish":null,"image_path":"/uploads/seller_20230728_2fcNIrWO7s.jfif","created_by":"","created_at":"2023-07-28T21:19:17.579+07:00","updated_at":"2023-07-28T22:19:20.065+07:00","archieved_at":"2023-07-28T21:19:17.579+07:00","deleted_by":"","deleted_at":null}
[INFO]: 28-07-2023 22:20:52 - Created Seller Success, Response: {"id":15,"seller_name":"Bewok 1","seller_address":"Jalan Bewok","seller_phone":"62551515151","Fish":null,"image_path":"/uploads/seller_20230728_ToFgoilA0U.png","created_by":"","created_at":"0001-01-01T00:00:00Z","updated_at":"0001-01-01T00:00:00Z","archieved_at":"0001-01-01T00:00:00Z","deleted_by":"","deleted_at":null}
[INFO]: 28-07-2023 22:21:09 - Update Seller Success, Response: {"id":15,"seller_name":"Bewok 122","seller_address":"Jalan Bewok22","seller_phone":"625515151512","Fish":null,"image_path":"/uploads/seller_20230728_1WxNeW1gdg.jfif","created_by":"","created_at":"2023-07-28T22:20:52.662+07:00","updated_at":"2023-07-28T22:21:09.327+07:00","archieved_at":"2023-07-28T22:20:52.662+07:00","deleted_by":"","deleted_at":null}
[INFO]: 28-07-2023 22:41:01 - Login Success, Response: {"email":"admin@email.com","fullname":"Admin","phone_number":"628554455445","role":"Admin","token":"YjhkMjUwNGJiYmIxMzM0MDkyYTlmMTVkNWQ2Mjg2OTgzMjc1OTc4ZTU3MWMyMDc4NWUzOGQ3NTA5YzhkYmM5Nw=="}
[INFO]: 28-07-2023 22:58:34 - Login Success, Response: {"email":"admin@email.com","fullname":"Admin","phone_number":"628554455445","role":"Admin","token":"YjhkMjUwNGJiYmIxMzM0MDkyYTlmMTVkNWQ2Mjg2OTgzMjc1OTc4ZTU3MWMyMDc4NWUzOGQ3NTA5YzhkYmM5Nw=="}
[INFO]: 28-07-2023 23:01:37 - Login Success, Response: {"email":"admin@email.com","fullname":"Admin","phone_number":"628554455445","role":"Admin","token":"YjhkMjUwNGJiYmIxMzM0MDkyYTlmMTVkNWQ2Mjg2OTgzMjc1OTc4ZTU3MWMyMDc4NWUzOGQ3NTA5YzhkYmM5Nw=="}
[INFO]: 28-07-2023 23:01:50 - Login Success, Response: {"email":"admin@email.com","fullname":"Admin","phone_number":"628554455445","role":"Admin","token":"YjhkMjUwNGJiYmIxMzM0MDkyYTlmMTVkNWQ2Mjg2OTgzMjc1OTc4ZTU3MWMyMDc4NWUzOGQ3NTA5YzhkYmM5Nw=="}
[INFO]: 28-07-2023 23:15:46 - Login Success, Response: {"email":"admin@email.com","fullname":"Admin","phone_number":"628554455445","role":"Admin","token":"YjhkMjUwNGJiYmIxMzM0MDkyYTlmMTVkNWQ2Mjg2OTgzMjc1OTc4ZTU3MWMyMDc4NWUzOGQ3NTA5YzhkYmM5Nw=="}
[INFO]: 28-07-2023 23:16:43 - Login Success, Response: {"email":"admin@email.com","fullname":"Admin","phone_number":"628554455445","role":"Admin","token":"YjhkMjUwNGJiYmIxMzM0MDkyYTlmMTVkNWQ2Mjg2OTgzMjc1OTc4ZTU3MWMyMDc4NWUzOGQ3NTA5YzhkYmM5Nw=="}
[ERROR]: 28-07-2023 23:16:46 - In Server: record not found
[INFO]: 28-07-2023 23:20:49 - Login Success, Response: {"email":"admin@email.com","fullname":"Admin","phone_number":"628554455445","role":"Admin","token":"YjhkMjUwNGJiYmIxMzM0MDkyYTlmMTVkNWQ2Mjg2OTgzMjc1OTc4ZTU3MWMyMDc4NWUzOGQ3NTA5YzhkYmM5Nw=="}
[INFO]: 28-07-2023 23:23:50 - Login Success, Response: {"email":"admin@email.com","fullname":"Admin","phone_number":"628554455445","role":"Admin","token":"YjhkMjUwNGJiYmIxMzM0MDkyYTlmMTVkNWQ2Mjg2OTgzMjc1OTc4ZTU3MWMyMDc4NWUzOGQ3NTA5YzhkYmM5Nw=="}
[INFO]: 28-07-2023 23:33:04 - Created Kios Success, Response: {"id":1,"fish_name":"Ikan1","fish_type":"Tipe 2","fish_size":"20","fish_description":"Deskripsi 2","fish_price":20000,"Seller":null,"image_path":"/fishuploads/fish_20230728_UVDsEWJ77a.png","created_by":"","created_at":"0001-01-01T00:00:00Z","updated_at":"0001-01-01T00:00:00Z","archieved_at":"0001-01-01T00:00:00Z","deleted_by":"","deleted_at":null}
[INFO]: 28-07-2023 23:33:16 - Created Kios Success, Response: {"seller_id":1,"fish_id":1}
[INFO]: 28-07-2023 23:33:45 - Delete Seller Success, Response: {"id":1,"seller_name":"Seller 1","seller_address":"Jalan 1","seller_phone":"6285111111111","Fish":null,"image_path":"/uploads/seller_20230728_BpLnfgDsc2.png","created_by":"","created_at":"2023-07-28T18:39:32.007+07:00","updated_at":"2023-07-28T18:39:32.007+07:00","archieved_at":"2023-07-28T18:39:32.007+07:00","deleted_by":"","deleted_at":null}
